2022-08-25T00:03:33+00:00 NOTICE sync.completed :: Finished Sync :: Thu, Aug 25, 2022 12:03 AM (total time: 22:08:26)
2022-08-25T00:08:51+00:00 NOTICE sync.completed :: Finished Sync :: Thu, Aug 25, 2022 12:08 AM (total time: 22:13:44)
2022-08-25T00:14:18+00:00 NOTICE sync.completed :: Finished Sync :: Thu, Aug 25, 2022 12:14 AM (total time: 22:19:11)
2022-08-25T00:20:00+00:00 NOTICE sync.completed :: Finished Sync :: Thu, Aug 25, 2022 12:20 AM (total time: 22:24:53)
2022-08-25T00:25:00+00:00 NOTICE sync.completed :: Finished Sync :: Thu, Aug 25, 2022 12:25 AM (total time: 22:29:53)
2022-08-25T00:30:51+00:00 NOTICE sync.completed :: Finished Sync :: Thu, Aug 25, 2022 12:30 AM (total time: 22:35:44)
2022-08-25T00:35:59+00:00 NOTICE sync.completed :: Finished Sync :: Thu, Aug 25, 2022 12:35 AM (total time: 22:40:52)
2022-08-25T14:25:30+00:00 NOTICE sync.completed :: Finished Sync :: Thu, Aug 25, 2022 2:25 PM (total time: 12:30:23)
2022-08-25T14:31:30+00:00 NOTICE sync.completed :: Finished Sync :: Thu, Aug 25, 2022 2:31 PM (total time: 12:36:23)
2022-08-25T14:36:40+00:00 NOTICE sync.completed :: Finished Sync :: Thu, Aug 25, 2022 2:36 PM (total time: 12:41:33)
2022-08-25T14:43:05+00:00 NOTICE sync.completed :: Finished Sync :: Thu, Aug 25, 2022 2:43 PM (total time: 12:47:58)
2022-08-25T14:49:39+00:00 NOTICE sync.completed :: Finished Sync :: Thu, Aug 25, 2022 2:49 PM (total time: 12:54:32)
2022-08-25T14:55:42+00:00 NOTICE sync.completed :: Finished Sync :: Thu, Aug 25, 2022 2:55 PM (total time: 13:00:35)
2022-08-25T15:01:00+00:00 NOTICE sync.completed :: Finished Sync :: Thu, Aug 25, 2022 3:01 PM (total time: 13:05:53)
2022-08-25T15:02:23+00:00 NOTICE action_scheduler.queue_job :: MailChimp_WooCommerce_User_Submit queued :: obj_id 1
2022-08-25T15:02:24+00:00 NOTICE action_scheduler.queue_job :: MailChimp_WooCommerce_Single_Order starts in 90 seconds :: obj_id 1276
2022-08-25T15:02:32+00:00 NOTICE debug :: Order ID 1276 was pending and is now on-hold :: Array
(
    [new_order] => 
    [tracking] => 
)

2022-08-25T15:07:56+00:00 NOTICE member.sync :: Updated Member sibybakary522@gmail.com :: Array
(
    [previous_status] => transactional
    [status] => 
    [language] => 
    [merge_fields] => Array
        (
            [FNAME] => Sory
            [LNAME] => bienvenue
        )

    [gdpr_fields] => 
)

2022-08-25T15:08:02+00:00 NOTICE sync.completed :: Finished Sync :: Thu, Aug 25, 2022 3:08 PM (total time: 13:12:55)
2022-08-25T15:13:54+00:00 NOTICE sync.completed :: Finished Sync :: Thu, Aug 25, 2022 3:13 PM (total time: 13:18:47)
2022-08-25T15:19:08+00:00 NOTICE sync.completed :: Finished Sync :: Thu, Aug 25, 2022 3:19 PM (total time: 13:24:01)
2022-08-25T15:24:50+00:00 NOTICE sync.completed :: Finished Sync :: Thu, Aug 25, 2022 3:24 PM (total time: 13:29:43)
2022-08-25T15:30:08+00:00 NOTICE sync.completed :: Finished Sync :: Thu, Aug 25, 2022 3:30 PM (total time: 13:35:01)
2022-08-25T15:35:10+00:00 NOTICE sync.completed :: Finished Sync :: Thu, Aug 25, 2022 3:35 PM (total time: 13:40:03)
2022-08-25T15:41:12+00:00 NOTICE sync.completed :: Finished Sync :: Thu, Aug 25, 2022 3:41 PM (total time: 13:46:05)
2022-08-25T15:47:42+00:00 NOTICE sync.completed :: Finished Sync :: Thu, Aug 25, 2022 3:47 PM (total time: 13:52:35)
2022-08-25T17:02:27+00:00 NOTICE sync.completed :: Finished Sync :: Thu, Aug 25, 2022 5:02 PM (total time: 15:07:20)
2022-08-25T17:05:11+00:00 NOTICE action_scheduler.queue_job :: MailChimp_WooCommerce_User_Submit queued :: obj_id 1
2022-08-25T17:08:05+00:00 NOTICE sync.completed :: Finished Sync :: Thu, Aug 25, 2022 5:08 PM (total time: 15:12:58)
2022-08-25T17:14:26+00:00 NOTICE member.sync :: Updated Member sibybakary522@gmail.com :: Array
(
    [previous_status] => transactional
    [status] => 
    [language] => 
    [merge_fields] => Array
        (
            [FNAME] => Sory
            [LNAME] => bienvenue
        )

    [gdpr_fields] => 
)

2022-08-25T17:14:26+00:00 NOTICE sync.completed :: Finished Sync :: Thu, Aug 25, 2022 5:14 PM (total time: 15:19:19)
2022-08-25T17:18:09+00:00 NOTICE action_scheduler.queue_job :: MailChimp_WooCommerce_Single_Order starts in 90 seconds :: obj_id 1276
2022-08-25T17:18:12+00:00 NOTICE debug :: Order ID 1276 was on-hold and is now processing :: Array
(
    [new_order] => 
    [tracking] => 
)

2022-08-25T17:20:31+00:00 ERROR order_submit.error :: addStoreOrder :: #1276 :: Error Code 400 :: <p>order_url: That is not a valid URL: http://localhost/koudijs_services/mon-compte/voir-lordre/1276/</p> on 2262 in C:\xampp2\htdocs\koudijs_services\wp-content\plugins\mailchimp-for-woocommerce\includes\api\class-mailchimp-api.php
2022-08-25T17:20:36+00:00 NOTICE action_scheduler.queue_job :: MailChimp_WooCommerce_Single_Order starts in 90 seconds :: obj_id 1276
2022-08-25T17:22:08+00:00 NOTICE action_scheduler.queue_job :: MailChimp_WooCommerce_Single_Order starts in 90 seconds :: obj_id 1276
2022-08-25T17:22:23+00:00 ERROR order_submit.error :: addStoreOrder :: #1276 :: Error Code 400 :: <p>order_url: That is not a valid URL: http://localhost/koudijs_services/mon-compte/voir-lordre/1276/</p> on 2262 in C:\xampp2\htdocs\koudijs_services\wp-content\plugins\mailchimp-for-woocommerce\includes\api\class-mailchimp-api.php
2022-08-25T17:25:08+00:00 NOTICE sync.completed :: Finished Sync :: Thu, Aug 25, 2022 5:25 PM (total time: 15:30:01)
2022-08-25T17:25:09+00:00 ERROR order_submit.error :: addStoreOrder :: #1276 :: Error Code 400 :: <p>order_url: That is not a valid URL: http://localhost/koudijs_services/mon-compte/voir-lordre/1276/</p> on 2262 in C:\xampp2\htdocs\koudijs_services\wp-content\plugins\mailchimp-for-woocommerce\includes\api\class-mailchimp-api.php
2022-08-25T17:25:18+00:00 NOTICE sync.completed :: Finished Sync :: Thu, Aug 25, 2022 5:25 PM (total time: 15:30:11)
2022-08-25T17:30:40+00:00 NOTICE sync.completed :: Finished Sync :: Thu, Aug 25, 2022 5:30 PM (total time: 15:35:33)
2022-08-25T17:31:45+00:00 NOTICE action_scheduler.queue_job :: MailChimp_WooCommerce_Single_Order starts in 90 seconds :: obj_id 1276
2022-08-25T17:31:46+00:00 NOTICE action_scheduler.queue_job :: MailChimp_WooCommerce_User_Submit queued :: obj_id 1
2022-08-25T17:31:49+00:00 NOTICE debug :: Order ID 1276 was processing and is now completed :: Array
(
    [new_order] => 
    [tracking] => 
)

2022-08-25T17:36:06+00:00 ERROR order_submit.error :: addStoreOrder :: #1276 :: Error Code 400 :: <p>order_url: That is not a valid URL: http://localhost/koudijs_services/mon-compte/voir-lordre/1276/</p> on 2262 in C:\xampp2\htdocs\koudijs_services\wp-content\plugins\mailchimp-for-woocommerce\includes\api\class-mailchimp-api.php
2022-08-25T17:36:09+00:00 NOTICE member.sync :: Updated Member sibybakary522@gmail.com :: Array
(
    [previous_status] => transactional
    [status] => 
    [language] => 
    [merge_fields] => Array
        (
            [FNAME] => Sory
            [LNAME] => bienvenue
        )

    [gdpr_fields] => 
)

2022-08-25T17:36:09+00:00 NOTICE sync.completed :: Finished Sync :: Thu, Aug 25, 2022 5:36 PM (total time: 15:41:02)
2022-08-25T17:37:41+00:00 NOTICE action_scheduler.queue_job :: MailChimp_WooCommerce_User_Submit queued :: obj_id 1
2022-08-25T17:37:41+00:00 NOTICE action_scheduler.queue_job :: MailChimp_WooCommerce_Single_Order starts in 90 seconds :: obj_id 1277
2022-08-25T17:37:47+00:00 NOTICE debug :: Order ID 1277 was pending and is now on-hold :: Array
(
    [new_order] => 
    [tracking] => 
)

2022-08-25T17:42:06+00:00 ERROR api.list :: Error retrieving list for double_optin check
2022-08-25T17:42:12+00:00 NOTICE member.sync :: Updated Member sibybakary522@gmail.com :: Array
(
    [previous_status] => transactional
    [status] => 
    [language] => 
    [merge_fields] => Array
        (
            [FNAME] => Sory
            [LNAME] => bienvenue
        )

    [gdpr_fields] => 
)

2022-08-25T17:43:26+00:00 NOTICE sync.completed :: Finished Sync :: Thu, Aug 25, 2022 5:43 PM (total time: 15:48:19)
2022-08-25T17:43:36+00:00 NOTICE sync.completed :: Finished Sync :: Thu, Aug 25, 2022 5:43 PM (total time: 15:48:29)
2022-08-25T17:48:36+00:00 NOTICE action_scheduler.queue_job :: MailChimp_WooCommerce_Single_Order starts in 90 seconds :: obj_id 1277
2022-08-25T17:50:13+00:00 NOTICE sync.completed :: Finished Sync :: Thu, Aug 25, 2022 5:50 PM (total time: 15:55:06)
2022-08-25T17:51:24+00:00 NOTICE action_scheduler.queue_job :: MailChimp_WooCommerce_Single_Order starts in 90 seconds :: obj_id 1277
2022-08-25T17:51:27+00:00 NOTICE debug :: Order ID 1277 was on-hold and is now completed :: Array
(
    [new_order] => 
    [tracking] => 
)

2022-08-25T17:55:54+00:00 ERROR order_submit.error :: addStoreOrder :: #1277 :: Error Code 400 :: <p>order_url: That is not a valid URL: http://localhost/koudijs_services/mon-compte/voir-lordre/1277/</p> on 2262 in C:\xampp2\htdocs\koudijs_services\wp-content\plugins\mailchimp-for-woocommerce\includes\api\class-mailchimp-api.php
2022-08-25T17:55:59+00:00 NOTICE sync.completed :: Finished Sync :: Thu, Aug 25, 2022 5:55 PM (total time: 16:00:52)
2022-08-25T18:01:48+00:00 NOTICE sync.completed :: Finished Sync :: Thu, Aug 25, 2022 6:01 PM (total time: 16:06:41)
2022-08-25T18:07:12+00:00 NOTICE sync.completed :: Finished Sync :: Thu, Aug 25, 2022 6:07 PM (total time: 16:12:05)
2022-08-25T18:12:13+00:00 NOTICE sync.completed :: Finished Sync :: Thu, Aug 25, 2022 6:12 PM (total time: 16:17:06)
2022-08-25T18:18:02+00:00 NOTICE sync.completed :: Finished Sync :: Thu, Aug 25, 2022 6:18 PM (total time: 16:22:55)
2022-08-25T18:23:27+00:00 NOTICE sync.completed :: Finished Sync :: Thu, Aug 25, 2022 6:23 PM (total time: 16:28:20)
2022-08-25T18:29:08+00:00 NOTICE sync.completed :: Finished Sync :: Thu, Aug 25, 2022 6:29 PM (total time: 16:34:01)
2022-08-25T18:34:08+00:00 NOTICE sync.completed :: Finished Sync :: Thu, Aug 25, 2022 6:34 PM (total time: 16:39:01)
2022-08-25T18:39:09+00:00 NOTICE sync.completed :: Finished Sync :: Thu, Aug 25, 2022 6:39 PM (total time: 16:44:02)
2022-08-25T18:44:51+00:00 NOTICE sync.completed :: Finished Sync :: Thu, Aug 25, 2022 6:44 PM (total time: 16:49:44)
2022-08-25T18:50:16+00:00 NOTICE sync.completed :: Finished Sync :: Thu, Aug 25, 2022 6:50 PM (total time: 16:55:09)
2022-08-25T19:20:31+00:00 NOTICE sync.completed :: Finished Sync :: Thu, Aug 25, 2022 7:20 PM (total time: 17:25:24)
2022-08-25T19:43:20+00:00 NOTICE sync.completed :: Finished Sync :: Thu, Aug 25, 2022 7:43 PM (total time: 17:48:13)
